****                   ADMIXTURE Version 1.3.0                  ****
****                    Copyright 2008-2015                     ****
****           David Alexander, Suyash Shringarpure,            ****
****                John  Novembre, Ken Lange                   ****
****                                                            ****
****                 Please cite our paper!                     ****
****   Information at www.genetics.ucla.edu/software/admixture  ****

Cross-validation will be performed.  Folds=5.
Random seed: 43
Point estimation method: Block relaxation algorithm
Convergence acceleration algorithm: QuasiNewton, 3 secant conditions
Point estimation will terminate when objective function delta < 0.0001
Estimation of standard errors disabled; will compute point estimates only.
Size of G: 68x435462
Performing five EM steps to prime main algorithm
1 (EM) 	Elapsed: 3.259	Loglikelihood: -7.74629e+06	(delta): 3.47651e+07
2 (EM) 	Elapsed: 3.245	Loglikelihood: -7.02226e+06	(delta): 724035
3 (EM) 	Elapsed: 3.245	Loglikelihood: -6.84186e+06	(delta): 180397
4 (EM) 	Elapsed: 3.26	Loglikelihood: -6.72279e+06	(delta): 119070
5 (EM) 	Elapsed: 3.249	Loglikelihood: -6.62133e+06	(delta): 101462
Initial loglikelihood: -6.62133e+06
Starting main algorithm
1 (QN/Block) 	Elapsed: 10.364	Loglikelihood: -4.38571e+06	(delta): 2.23562e+06
2 (QN/Block) 	Elapsed: 10.232	Loglikelihood: -3.89783e+06	(delta): 487884
3 (QN/Block) 	Elapsed: 11.149	Loglikelihood: -3.73037e+06	(delta): 167459
4 (QN/Block) 	Elapsed: 11.165	Loglikelihood: -3.62499e+06	(delta): 105382
5 (QN/Block) 	Elapsed: 11.156	Loglikelihood: -3.55536e+06	(delta): 69630.1
6 (QN/Block) 	Elapsed: 11.139	Loglikelihood: -3.51454e+06	(delta): 40816.2
7 (QN/Block) 	Elapsed: 11.496	Loglikelihood: -3.50107e+06	(delta): 13471.6
8 (QN/Block) 	Elapsed: 11.125	Loglikelihood: -3.49361e+06	(delta): 7456.85
9 (QN/Block) 	Elapsed: 11.105	Loglikelihood: -3.49054e+06	(delta): 3076.69
10 (QN/Block) 	Elapsed: 11.124	Loglikelihood: -3.48966e+06	(delta): 878.038
11 (QN/Block) 	Elapsed: 11.139	Loglikelihood: -3.48938e+06	(delta): 274.314
12 (QN/Block) 	Elapsed: 11.11	Loglikelihood: -3.48922e+06	(delta): 159.678
13 (QN/Block) 	Elapsed: 12.043	Loglikelihood: -3.48903e+06	(delta): 196.666
14 (QN/Block) 	Elapsed: 12.062	Loglikelihood: -3.47961e+06	(delta): 9422.14
15 (QN/Block) 	Elapsed: 11.734	Loglikelihood: -3.47543e+06	(delta): 4175.77
16 (QN/Block) 	Elapsed: 11.101	Loglikelihood: -3.47335e+06	(delta): 2084.33
17 (QN/Block) 	Elapsed: 11.121	Loglikelihood: -3.47209e+06	(delta): 1255.18
18 (QN/Block) 	Elapsed: 12.06	Loglikelihood: -3.47155e+06	(delta): 539.157
19 (QN/Block) 	Elapsed: 11.414	Loglikelihood: -3.47142e+06	(delta): 132.349
20 (QN/Block) 	Elapsed: 11.117	Loglikelihood: -3.47142e+06	(delta): 2.42203
21 (QN/Block) 	Elapsed: 12.062	Loglikelihood: -3.47142e+06	(delta): 0.0430833
22 (QN/Block) 	Elapsed: 11.097	Loglikelihood: -3.47142e+06	(delta): 3.83612e-06
Summary: 
Converged in 22 iterations (273.632 sec)
Loglikelihood: -3471416.101601
Fst divergences between estimated populations: 
	Pop0	Pop1	Pop2	Pop3	Pop4	
Pop0	
Pop1	0.329	
Pop2	0.512	0.529	
Pop3	0.463	0.485	0.533	
Pop4	0.461	0.483	0.530	0.085	
Pop5	0.506	0.533	0.579	0.147	0.167	
CV error (K=6): 0.26435
Writing output files.
