****                   ADMIXTURE Version 1.3.0                  ****
****                    Copyright 2008-2015                     ****
****           David Alexander, Suyash Shringarpure,            ****
****                John  Novembre, Ken Lange                   ****
****                                                            ****
****                 Please cite our paper!                     ****
****   Information at www.genetics.ucla.edu/software/admixture  ****

Cross-validation will be performed.  Folds=5.
Random seed: 43
Point estimation method: Block relaxation algorithm
Convergence acceleration algorithm: QuasiNewton, 3 secant conditions
Point estimation will terminate when objective function delta < 0.0001
Estimation of standard errors disabled; will compute point estimates only.
Size of G: 68x435462
Performing five EM steps to prime main algorithm
1 (EM) 	Elapsed: 2.068	Loglikelihood: -7.67566e+06	(delta): 3.64768e+07
2 (EM) 	Elapsed: 2.065	Loglikelihood: -7.01587e+06	(delta): 659786
3 (EM) 	Elapsed: 2.068	Loglikelihood: -6.85329e+06	(delta): 162582
4 (EM) 	Elapsed: 2.078	Loglikelihood: -6.7511e+06	(delta): 102189
5 (EM) 	Elapsed: 2.067	Loglikelihood: -6.67071e+06	(delta): 80387.9
Initial loglikelihood: -6.67071e+06
Starting main algorithm
1 (QN/Block) 	Elapsed: 6.436	Loglikelihood: -5.0757e+06	(delta): 1.59501e+06
2 (QN/Block) 	Elapsed: 6.428	Loglikelihood: -4.54131e+06	(delta): 534390
3 (QN/Block) 	Elapsed: 7.369	Loglikelihood: -4.27989e+06	(delta): 261423
4 (QN/Block) 	Elapsed: 7.088	Loglikelihood: -4.129e+06	(delta): 150891
5 (QN/Block) 	Elapsed: 7.087	Loglikelihood: -4.03596e+06	(delta): 93043.4
6 (QN/Block) 	Elapsed: 7.339	Loglikelihood: -3.99736e+06	(delta): 38593.8
7 (QN/Block) 	Elapsed: 7.877	Loglikelihood: -3.99093e+06	(delta): 6432.6
8 (QN/Block) 	Elapsed: 7.129	Loglikelihood: -3.99075e+06	(delta): 182.033
9 (QN/Block) 	Elapsed: 7.097	Loglikelihood: -3.99072e+06	(delta): 31.254
10 (QN/Block) 	Elapsed: 7.105	Loglikelihood: -3.99071e+06	(delta): 5.06867
11 (QN/Block) 	Elapsed: 7.102	Loglikelihood: -3.99071e+06	(delta): 2.26828
12 (QN/Block) 	Elapsed: 7.114	Loglikelihood: -3.99071e+06	(delta): 0.38794
13 (QN/Block) 	Elapsed: 7.101	Loglikelihood: -3.99071e+06	(delta): 0.0045987
14 (QN/Block) 	Elapsed: 7.107	Loglikelihood: -3.99071e+06	(delta): 0.000316283
15 (QN/Block) 	Elapsed: 7.098	Loglikelihood: -3.99071e+06	(delta): 9.36422e-05
Summary: 
Converged in 15 iterations (122.5 sec)
Loglikelihood: -3990709.004639
Fst divergences between estimated populations: 
	Pop0	Pop1	Pop2	
Pop0	
Pop1	0.531	
Pop2	0.523	0.093	
Pop3	0.482	0.434	0.429	
CV error (K=4): 0.26046
Writing output files.
