****                   ADMIXTURE Version 1.3.0                  ****
****                    Copyright 2008-2015                     ****
****           David Alexander, Suyash Shringarpure,            ****
****                John  Novembre, Ken Lange                   ****
****                                                            ****
****                 Please cite our paper!                     ****
****   Information at www.genetics.ucla.edu/software/admixture  ****

Cross-validation will be performed.  Folds=5.
Random seed: 43
Point estimation method: Block relaxation algorithm
Convergence acceleration algorithm: QuasiNewton, 3 secant conditions
Point estimation will terminate when objective function delta < 0.0001
Estimation of standard errors disabled; will compute point estimates only.
Size of G: 68x435462
Performing five EM steps to prime main algorithm
1 (EM) 	Elapsed: 1.088	Loglikelihood: -7.53691e+06	(delta): 4.11833e+07
2 (EM) 	Elapsed: 1.092	Loglikelihood: -7.16985e+06	(delta): 367055
3 (EM) 	Elapsed: 1.093	Loglikelihood: -7.09767e+06	(delta): 72183.1
4 (EM) 	Elapsed: 1.094	Loglikelihood: -7.0614e+06	(delta): 36267.6
5 (EM) 	Elapsed: 1.093	Loglikelihood: -7.0408e+06	(delta): 20605.1
Initial loglikelihood: -7.0408e+06
Starting main algorithm
1 (QN/Block) 	Elapsed: 3.267	Loglikelihood: -6.66345e+06	(delta): 377350
2 (QN/Block) 	Elapsed: 3.267	Loglikelihood: -6.29603e+06	(delta): 367423
3 (QN/Block) 	Elapsed: 3.733	Loglikelihood: -6.09413e+06	(delta): 201897
4 (QN/Block) 	Elapsed: 4.085	Loglikelihood: -5.59601e+06	(delta): 498118
5 (QN/Block) 	Elapsed: 4.064	Loglikelihood: -5.47133e+06	(delta): 124683
6 (QN/Block) 	Elapsed: 4.263	Loglikelihood: -5.34738e+06	(delta): 123946
7 (QN/Block) 	Elapsed: 3.734	Loglikelihood: -5.29463e+06	(delta): 52748.9
8 (QN/Block) 	Elapsed: 3.71	Loglikelihood: -5.282e+06	(delta): 12628.9
9 (QN/Block) 	Elapsed: 3.694	Loglikelihood: -5.27941e+06	(delta): 2592.13
10 (QN/Block) 	Elapsed: 4.249	Loglikelihood: -5.13797e+06	(delta): 141438
11 (QN/Block) 	Elapsed: 3.907	Loglikelihood: -5.0795e+06	(delta): 58472
12 (QN/Block) 	Elapsed: 4.255	Loglikelihood: -5.07028e+06	(delta): 9222.75
13 (QN/Block) 	Elapsed: 3.696	Loglikelihood: -5.06919e+06	(delta): 1091.85
14 (QN/Block) 	Elapsed: 3.69	Loglikelihood: -5.06825e+06	(delta): 936.941
15 (QN/Block) 	Elapsed: 4.261	Loglikelihood: -5.06782e+06	(delta): 427.297
16 (QN/Block) 	Elapsed: 4.253	Loglikelihood: -5.06768e+06	(delta): 142.113
17 (QN/Block) 	Elapsed: 4.25	Loglikelihood: -5.06767e+06	(delta): 13.7547
18 (QN/Block) 	Elapsed: 4.256	Loglikelihood: -5.06767e+06	(delta): 0.0862559
19 (QN/Block) 	Elapsed: 3.724	Loglikelihood: -5.06767e+06	(delta): 1.76951e-08
Summary: 
Converged in 19 iterations (84.803 sec)
Loglikelihood: -5067667.647981
Fst divergences between estimated populations: 
	Pop0	
Pop0	
Pop1	0.355	
CV error (K=2): 0.26965
Writing output files.
