****                   ADMIXTURE Version 1.3.0                  ****
****                    Copyright 2008-2015                     ****
****           David Alexander, Suyash Shringarpure,            ****
****                John  Novembre, Ken Lange                   ****
****                                                            ****
****                 Please cite our paper!                     ****
****   Information at www.genetics.ucla.edu/software/admixture  ****

Cross-validation will be performed.  Folds=5.
Random seed: 43
Point estimation method: Block relaxation algorithm
Convergence acceleration algorithm: QuasiNewton, 3 secant conditions
Point estimation will terminate when objective function delta < 0.0001
Estimation of standard errors disabled; will compute point estimates only.
Size of G: 68x435462
Performing five EM steps to prime main algorithm
1 (EM) 	Elapsed: 1.556	Loglikelihood: -7.73004e+06	(delta): 3.7743e+07
2 (EM) 	Elapsed: 1.564	Loglikelihood: -7.15651e+06	(delta): 573524
3 (EM) 	Elapsed: 1.573	Loglikelihood: -7.04564e+06	(delta): 110870
4 (EM) 	Elapsed: 1.567	Loglikelihood: -6.98607e+06	(delta): 59570
5 (EM) 	Elapsed: 1.568	Loglikelihood: -6.94662e+06	(delta): 39453.7
Initial loglikelihood: -6.94662e+06
Starting main algorithm
1 (QN/Block) 	Elapsed: 4.712	Loglikelihood: -5.33733e+06	(delta): 1.60929e+06
2 (QN/Block) 	Elapsed: 4.727	Loglikelihood: -4.76209e+06	(delta): 575241
3 (QN/Block) 	Elapsed: 5.721	Loglikelihood: -4.53973e+06	(delta): 222368
4 (QN/Block) 	Elapsed: 5.263	Loglikelihood: -4.36308e+06	(delta): 176643
5 (QN/Block) 	Elapsed: 5.269	Loglikelihood: -4.25531e+06	(delta): 107769
6 (QN/Block) 	Elapsed: 5.267	Loglikelihood: -4.19493e+06	(delta): 60385.5
7 (QN/Block) 	Elapsed: 5.496	Loglikelihood: -4.18743e+06	(delta): 7496.53
8 (QN/Block) 	Elapsed: 5.254	Loglikelihood: -4.18706e+06	(delta): 370.538
9 (QN/Block) 	Elapsed: 5.243	Loglikelihood: -4.18694e+06	(delta): 120.151
10 (QN/Block) 	Elapsed: 5.891	Loglikelihood: -4.18685e+06	(delta): 94.8215
11 (QN/Block) 	Elapsed: 5.896	Loglikelihood: -4.18678e+06	(delta): 61.5311
12 (QN/Block) 	Elapsed: 5.893	Loglikelihood: -4.18677e+06	(delta): 18.6047
13 (QN/Block) 	Elapsed: 5.673	Loglikelihood: -4.18676e+06	(delta): 4.70797
14 (QN/Block) 	Elapsed: 5.897	Loglikelihood: -4.18676e+06	(delta): 2.91416
15 (QN/Block) 	Elapsed: 5.671	Loglikelihood: -4.18676e+06	(delta): 0.751164
16 (QN/Block) 	Elapsed: 5.894	Loglikelihood: -4.18676e+06	(delta): 0.00348104
17 (QN/Block) 	Elapsed: 5.459	Loglikelihood: -4.18676e+06	(delta): -2.42144e-08
18 (QN/Block) 	Elapsed: 5.459	Loglikelihood: -4.18676e+06	(delta): 2.79397e-09
Summary: 
Converged in 18 iterations (112.119 sec)
Loglikelihood: -4186757.982355
Fst divergences between estimated populations: 
	Pop0	Pop1	
Pop0	
Pop1	0.416	
Pop2	0.473	0.522	
CV error (K=3): 0.24994
Writing output files.
