****                   ADMIXTURE Version 1.3.0                  ****
****                    Copyright 2008-2015                     ****
****           David Alexander, Suyash Shringarpure,            ****
****                John  Novembre, Ken Lange                   ****
****                                                            ****
****                 Please cite our paper!                     ****
****   Information at www.genetics.ucla.edu/software/admixture  ****

Cross-validation will be performed.  Folds=5.
Random seed: 43
Point estimation method: Block relaxation algorithm
Convergence acceleration algorithm: QuasiNewton, 3 secant conditions
Point estimation will terminate when objective function delta < 0.0001
Estimation of standard errors disabled; will compute point estimates only.
Size of G: 68x435462
Performing five EM steps to prime main algorithm
1 (EM) 	Elapsed: 2.636	Loglikelihood: -7.76543e+06	(delta): 3.53038e+07
2 (EM) 	Elapsed: 2.634	Loglikelihood: -7.07723e+06	(delta): 688194
3 (EM) 	Elapsed: 2.634	Loglikelihood: -6.91752e+06	(delta): 159710
4 (EM) 	Elapsed: 2.638	Loglikelihood: -6.81799e+06	(delta): 99532.8
5 (EM) 	Elapsed: 2.639	Loglikelihood: -6.73986e+06	(delta): 78131.9
Initial loglikelihood: -6.73986e+06
Starting main algorithm
1 (QN/Block) 	Elapsed: 8.207	Loglikelihood: -4.97877e+06	(delta): 1.76108e+06
2 (QN/Block) 	Elapsed: 8.181	Loglikelihood: -4.34367e+06	(delta): 635104
3 (QN/Block) 	Elapsed: 9.536	Loglikelihood: -4.05199e+06	(delta): 291683
4 (QN/Block) 	Elapsed: 8.979	Loglikelihood: -3.84657e+06	(delta): 205418
5 (QN/Block) 	Elapsed: 8.98	Loglikelihood: -3.73419e+06	(delta): 112383
6 (QN/Block) 	Elapsed: 8.945	Loglikelihood: -3.67499e+06	(delta): 59191.2
7 (QN/Block) 	Elapsed: 8.987	Loglikelihood: -3.65208e+06	(delta): 22915.7
8 (QN/Block) 	Elapsed: 8.963	Loglikelihood: -3.6429e+06	(delta): 9175.9
9 (QN/Block) 	Elapsed: 8.947	Loglikelihood: -3.63991e+06	(delta): 2991.24
10 (QN/Block) 	Elapsed: 8.942	Loglikelihood: -3.63907e+06	(delta): 838.945
11 (QN/Block) 	Elapsed: 8.982	Loglikelihood: -3.63881e+06	(delta): 260.519
12 (QN/Block) 	Elapsed: 9.8	Loglikelihood: -3.63684e+06	(delta): 1967.43
13 (QN/Block) 	Elapsed: 8.936	Loglikelihood: -3.63501e+06	(delta): 1830.39
14 (QN/Block) 	Elapsed: 9.218	Loglikelihood: -3.63456e+06	(delta): 458.081
15 (QN/Block) 	Elapsed: 9.778	Loglikelihood: -3.63455e+06	(delta): 4.07219
16 (QN/Block) 	Elapsed: 9.775	Loglikelihood: -3.63455e+06	(delta): 0.569062
17 (QN/Block) 	Elapsed: 9.77	Loglikelihood: -3.63455e+06	(delta): 0.792045
18 (QN/Block) 	Elapsed: 9.791	Loglikelihood: -3.63455e+06	(delta): 1.09551
19 (QN/Block) 	Elapsed: 9.77	Loglikelihood: -3.63455e+06	(delta): 1.50419
20 (QN/Block) 	Elapsed: 9.769	Loglikelihood: -3.63455e+06	(delta): 2.04893
21 (QN/Block) 	Elapsed: 9.772	Loglikelihood: -3.63454e+06	(delta): 1.59203
22 (QN/Block) 	Elapsed: 9.754	Loglikelihood: -3.63454e+06	(delta): 0.000671074
23 (QN/Block) 	Elapsed: 9.769	Loglikelihood: -3.63454e+06	(delta): 2.34437e-05
Summary: 
Converged in 23 iterations (235.289 sec)
Loglikelihood: -3634544.480264
Fst divergences between estimated populations: 
	Pop0	Pop1	Pop2	Pop3	
Pop0	
Pop1	0.490	
Pop2	0.238	0.448	
Pop3	0.525	0.126	0.479	
Pop4	0.517	0.496	0.473	0.525	
CV error (K=5): 0.25345
Writing output files.
