PLINK v2.00a3.7 SSE4.2 (24 Oct 2022)
Options in effect:
  --allow-extra-chr
  --extract all_cbp_snps.prune.in
  --keep /mnt/home/wils1582/capsella_population_structure/vcf_cbp_eurasia.txt
  --make-bed
  --out eurasian_pruned_cbp
  --pca
  --set-all-var-ids @:#
  --vcf /mnt/scratch/wils1582/july15/CBP_CRCG_final_filtered.vcf.gz

Hostname: lac-209
Working directory: /mnt/gs21/scratch/wils1582/EvConfAnalyses/admixture_out
Start time: Sat Jul 20 03:57:34 2024

Random number seed: 1721462254
128011 MiB RAM detected; reserving 64005 MiB for main workspace.
Using 1 compute thread.
--vcf: 6140655 variants scanned.
--vcf: eurasian_pruned_cbp-temporary.pgen +
eurasian_pruned_cbp-temporary.pvar.zst + eurasian_pruned_cbp-temporary.psam
written.
257 samples (0 females, 0 males, 257 ambiguous; 257 founders) loaded from
eurasian_pruned_cbp-temporary.psam.
6140655 variants loaded from eurasian_pruned_cbp-temporary.pvar.zst.
Note: No phenotype data present.
--extract: 435462 variants remaining.
--keep: 68 samples remaining.
68 samples (0 females, 0 males, 68 ambiguous; 68 founders) remaining after main
filters.
Calculating allele frequencies... done.
435462 variants remaining after main filters.
Constructing GRM: done.
Correcting for missingness... done.
Extracting eigenvalues and eigenvectors... done.
--pca: Eigenvectors written to eurasian_pruned_cbp.eigenvec , and eigenvalues
written to eurasian_pruned_cbp.eigenval .
Writing eurasian_pruned_cbp.fam ... done.
Writing eurasian_pruned_cbp.bim ... done.
Writing eurasian_pruned_cbp.bed ... done.

End time: Sat Jul 20 03:59:41 2024
