PLINK v2.00a3.7 SSE4.2 (24 Oct 2022)
Options in effect:
  --allow-extra-chr
  --indep-pairwise 100 5 0.2
  --keep /mnt/research/josephslab/Maya/capsella/admixture/vcf_cbp_only_0625_2024.txt
  --out all_cbp_snps
  --set-all-var-ids @:#
  --vcf /mnt/research/josephslab/Maya/capsella/vcf/adrian_vcf/final_filtered/NPCRCG_CBP_filtered_final.vcf.gz

Hostname: lac-038
Working directory: /mnt/ufs18/rs-003/josephslab/Maya/capsella/admixture/eua_nyc_conditional
Start time: Tue Jun 25 20:07:42 2024

Random number seed: 1719360462
128203 MiB RAM detected; reserving 64101 MiB for main workspace.
Using 1 compute thread.
--vcf: 10783130 variants scanned.
--vcf: all_cbp_snps-temporary.pgen + all_cbp_snps-temporary.pvar.zst +
all_cbp_snps-temporary.psam written.
257 samples (0 females, 0 males, 257 ambiguous; 257 founders) loaded from
all_cbp_snps-temporary.psam.
10783130 variants loaded from all_cbp_snps-temporary.pvar.zst.
Note: No phenotype data present.
--keep: 134 samples remaining.
134 samples (0 females, 0 males, 134 ambiguous; 134 founders) remaining after
main filters.
Calculating allele frequencies... done.
--indep-pairwise (1 compute thread): 10033579/10783130 variants removed.
Variant lists written to all_cbp_snps.prune.in and all_cbp_snps.prune.out .

End time: Tue Jun 25 20:11:36 2024
