PLINK v2.00a3.7 SSE4.2 (24 Oct 2022)
Options in effect:
  --allow-extra-chr
  --extract all_cbp_snps.prune.in
  --keep /mnt/research/josephslab/Maya/capsella/admixture/vcf_cbp_only_0625_2024.txt
  --make-bed
  --out all_pruned_cbp
  --pca
  --set-all-var-ids @:#
  --vcf /mnt/research/josephslab/Maya/capsella/vcf/adrian_vcf/final_filtered/NPCRCG_CBP_filtered_final.vcf.gz

Hostname: lac-038
Working directory: /mnt/ufs18/rs-003/josephslab/Maya/capsella/admixture/eua_nyc_conditional
Start time: Tue Jun 25 20:11:36 2024

Random number seed: 1719360696
128203 MiB RAM detected; reserving 64101 MiB for main workspace.
Using 1 compute thread.
--vcf: 10783130 variants scanned.
--vcf: all_pruned_cbp-temporary.pgen + all_pruned_cbp-temporary.pvar.zst +
all_pruned_cbp-temporary.psam written.
257 samples (0 females, 0 males, 257 ambiguous; 257 founders) loaded from
all_pruned_cbp-temporary.psam.
10783130 variants loaded from all_pruned_cbp-temporary.pvar.zst.
Note: No phenotype data present.
--extract: 749551 variants remaining.
--keep: 134 samples remaining.
134 samples (0 females, 0 males, 134 ambiguous; 134 founders) remaining after
main filters.
Calculating allele frequencies... done.
749551 variants remaining after main filters.
Constructing GRM: done.
Correcting for missingness... done.
Extracting eigenvalues and eigenvectors... done.
--pca: Eigenvectors written to all_pruned_cbp.eigenvec , and eigenvalues
written to all_pruned_cbp.eigenval .
Writing all_pruned_cbp.fam ... done.
Writing all_pruned_cbp.bim ... done.
Writing all_pruned_cbp.bed ... done.

End time: Tue Jun 25 20:15:29 2024
